--- Copying files at Mon Nov 19 16:48:58 UTC 2018
INSTALLED init.groovy.d/tcp-slave-agent-port.groovy
--- Copying files at Tue Nov 20 17:13:29 UTC 2018
--- Copying files at Tue Nov 20 17:16:00 UTC 2018
--- Copying files at Tue Nov 20 17:18:22 UTC 2018
--- Copying files at Tue Nov 20 17:22:31 UTC 2018
--- Copying files at Tue Nov 20 17:46:48 UTC 2018
--- Copying files at Tue Nov 20 17:47:36 UTC 2018
--- Copying files at Tue Nov 20 17:49:31 UTC 2018
--- Copying files at Tue Nov 20 17:51:59 UTC 2018
--- Copying files at Tue Nov 20 18:25:50 UTC 2018
--- Copying files at Tue Nov 20 18:51:17 UTC 2018
--- Copying files at Tue Nov 20 19:09:18 UTC 2018
--- Copying files at Wed Nov 21 18:09:40 UTC 2018
--- Copying files at Wed Nov 21 18:10:33 UTC 2018
--- Copying files at Wed Nov 21 18:12:51 UTC 2018
--- Copying files at Wed Nov 21 18:16:32 UTC 2018
--- Copying files at Wed Nov 21 18:18:47 UTC 2018
--- Copying files at Wed Nov 21 18:21:01 UTC 2018
--- Copying files at Wed Nov 21 18:22:17 UTC 2018
--- Copying files at Wed Nov 21 18:23:13 UTC 2018
--- Copying files at Wed Nov 21 18:28:29 UTC 2018
--- Copying files at Wed Nov 21 18:37:06 UTC 2018
--- Copying files at Wed Nov 21 18:43:24 UTC 2018
--- Copying files at Wed Nov 21 18:45:10 UTC 2018
--- Copying files at Thu Nov 22 15:53:52 UTC 2018
--- Copying files at Thu Nov 22 16:30:33 UTC 2018
--- Copying files at Thu Nov 22 18:11:08 UTC 2018
--- Copying files at Fri Nov 23 12:33:16 UTC 2018
INSTALLED init.groovy.d/tcp-slave-agent-port.groovy
--- Copying files at Fri Nov 23 12:55:56 UTC 2018
--- Copying files at Fri Nov 23 13:20:16 UTC 2018
--- Copying files at Fri Nov 23 13:57:55 UTC 2018
--- Copying files at Fri Nov 23 14:12:14 UTC 2018
INSTALLED init.groovy.d/tcp-slave-agent-port.groovy
--- Copying files at Fri Nov 23 14:34:50 UTC 2018
--- Copying files at Fri Nov 23 14:50:37 UTC 2018
--- Copying files at Fri Nov 23 15:22:11 UTC 2018
--- Copying files at Fri Nov 23 15:33:17 UTC 2018
--- Copying files at Fri Nov 23 15:48:59 UTC 2018
--- Copying files at Fri Nov 23 15:56:07 UTC 2018
INSTALLED init.groovy.d/tcp-slave-agent-port.groovy
--- Copying files at Fri Nov 23 16:19:51 UTC 2018
--- Copying files at Fri Nov 23 16:45:03 UTC 2018
--- Copying files at Fri Nov 23 18:03:17 UTC 2018
--- Copying files at Mon Nov 26 11:25:14 UTC 2018
INSTALLED init.groovy.d/tcp-slave-agent-port.groovy
--- Copying files at Mon Nov 26 11:37:09 UTC 2018
--- Copying files at Mon Nov 26 11:55:21 UTC 2018
--- Copying files at Mon Nov 26 12:18:00 UTC 2018
--- Copying files at Mon Nov 26 13:08:47 UTC 2018
